<?xml version="1.0" encoding="UTF-8"?>
<!-- Generated by org.testng.reporters.JUnitReportReporter -->
<testsuite hostname="DESKTOP-254JV4M" failures="0" tests="3" name="TestingBaba_Test.Link_Test" time="4.522" errors="0" timestamp="2022-09-03T11:04:16 IST" skipped="0">
  <testcase classname="TestingBaba_Test.Link_Test" name="clickonElements" time="0.716"/>
  <system-out/>
  <testcase classname="TestingBaba_Test.Link_Test" name="clickonLinks" time="0.707"/>
  <system-out/>
  <testcase classname="TestingBaba_Test.Link_Test" name="clickokDemopage" time="3.099"/>
  <system-out/>
</testsuite> <!-- TestingBaba_Test.Link_Test -->
