<?xml version="1.0" encoding="UTF-8"?>
<!-- Generated by org.testng.reporters.JUnitReportReporter -->
<testsuite hostname="DESKTOP-254JV4M" failures="0" tests="4" name="TestingBaba_Test.Button_Test" time="2.303" errors="0" timestamp="2022-09-05T23:06:24 IST" skipped="0">
  <testcase classname="TestingBaba_Test.Button_Test" name="clickonElement" time="0.570"/>
  <system-out/>
  <testcase classname="TestingBaba_Test.Button_Test" name="clickonButton" time="0.475"/>
  <system-out/>
  <testcase classname="TestingBaba_Test.Button_Test" name="clickonDoubleClick" time="0.558"/>
  <system-out/>
  <testcase classname="TestingBaba_Test.Button_Test" name="clickonRightClick" time="0.700"/>
  <system-out/>
</testsuite> <!-- TestingBaba_Test.Button_Test -->
