<?xml version="1.0" encoding="UTF-8"?>
<!-- Generated by org.testng.reporters.JUnitReportReporter -->
<testsuite hostname="DESKTOP-254JV4M" failures="0" tests="3" name="TestingBaba_Test.Upload_Test" time="5.771" errors="0" timestamp="2022-09-03T12:43:21 IST" skipped="0">
  <testcase classname="TestingBaba_Test.Upload_Test" name="clickonElements" time="0.616"/>
  <system-out/>
  <testcase classname="TestingBaba_Test.Upload_Test" name="clickonUpload" time="0.462"/>
  <system-out/>
  <testcase classname="TestingBaba_Test.Upload_Test" name="selectFile" time="4.693"/>
  <system-out/>
</testsuite> <!-- TestingBaba_Test.Upload_Test -->
