<?xml version="1.0" encoding="UTF-8"?>
<!-- Generated by org.testng.reporters.JUnitReportReporter -->
<testsuite hostname="DESKTOP-254JV4M" failures="0" tests="3" name="TestingBaba_Test.TextBox_Test" time="3.990" errors="0" timestamp="2022-09-03T08:59:15 IST" skipped="0">
  <testcase classname="TestingBaba_Test.TextBox_Test" name="clickOnElement" time="0.637"/>
  <system-out/>
  <testcase classname="TestingBaba_Test.TextBox_Test" name="ClickOnTextbox" time="0.619"/>
  <system-out/>
  <testcase classname="TestingBaba_Test.TextBox_Test" name="fillDetails" time="2.734"/>
  <system-out/>
</testsuite> <!-- TestingBaba_Test.TextBox_Test -->
