<?xml version="1.0" encoding="UTF-8"?>
<!-- Generated by org.testng.reporters.JUnitReportReporter -->
<testsuite hostname="DESKTOP-254JV4M" failures="0" tests="4" name="TestingBaba_Test.Button_Test" time="2.714" errors="0" timestamp="2022-09-10T16:51:19 IST" skipped="0">
  <testcase classname="TestingBaba_Test.Button_Test" name="clickonElement" time="0.948"/>
  <system-out/>
  <testcase classname="TestingBaba_Test.Button_Test" name="clickonButton" time="0.568"/>
  <system-out/>
  <testcase classname="TestingBaba_Test.Button_Test" name="clickonDoubleClick" time="0.560"/>
  <system-out/>
  <testcase classname="TestingBaba_Test.Button_Test" name="clickonRightClick" time="0.638"/>
  <system-out/>
</testsuite> <!-- TestingBaba_Test.Button_Test -->
